CRITICAL - 2022-03-02 14:24:58 --> Object of class stdClass could not be converted to string
#0 C:\xampp7.4\htdocs\modelosWEB\php-CodeIgniter-JoaoRibeiro\proj-todolist\system\View\View.php(210): include()
#1 C:\xampp7.4\htdocs\modelosWEB\php-CodeIgniter-JoaoRibeiro\proj-todolist\system\View\View.php(213): CodeIgniter\View\View->CodeIgniter\View\{closure}()
#2 C:\xampp7.4\htdocs\modelosWEB\php-CodeIgniter-JoaoRibeiro\proj-todolist\system\Common.php(1089): CodeIgniter\View\View->render('home', Array, true)
#3 C:\xampp7.4\htdocs\modelosWEB\php-CodeIgniter-JoaoRibeiro\proj-todolist\app\Controllers\Main.php(15): view('home', Array)
#4 C:\xampp7.4\htdocs\modelosWEB\php-CodeIgniter-JoaoRibeiro\proj-todolist\system\CodeIgniter.php(825): App\Controllers\Main->index()
#5 C:\xampp7.4\htdocs\modelosWEB\php-CodeIgniter-JoaoRibeiro\proj-todolist\system\CodeIgniter.php(412): CodeIgniter\CodeIgniter->runController(Object(App\Controllers\Main))
#6 C:\xampp7.4\htdocs\modelosWEB\php-CodeIgniter-JoaoRibeiro\proj-todolist\system\CodeIgniter.php(320): CodeIgniter\CodeIgniter->handleRequest(NULL, Object(Config\Cache), false)
#7 C:\xampp7.4\htdocs\modelosWEB\php-CodeIgniter-JoaoRibeiro\proj-todolist\public\index.php(37): CodeIgniter\CodeIgniter->run()
#8 {main}
CRITICAL - 2022-03-02 14:25:29 --> Object of class stdClass could not be converted to string
#0 C:\xampp7.4\htdocs\modelosWEB\php-CodeIgniter-JoaoRibeiro\proj-todolist\system\View\View.php(210): include()
#1 C:\xampp7.4\htdocs\modelosWEB\php-CodeIgniter-JoaoRibeiro\proj-todolist\system\View\View.php(213): CodeIgniter\View\View->CodeIgniter\View\{closure}()
#2 C:\xampp7.4\htdocs\modelosWEB\php-CodeIgniter-JoaoRibeiro\proj-todolist\system\Common.php(1089): CodeIgniter\View\View->render('home', Array, true)
#3 C:\xampp7.4\htdocs\modelosWEB\php-CodeIgniter-JoaoRibeiro\proj-todolist\app\Controllers\Main.php(15): view('home', Array)
#4 C:\xampp7.4\htdocs\modelosWEB\php-CodeIgniter-JoaoRibeiro\proj-todolist\system\CodeIgniter.php(825): App\Controllers\Main->index()
#5 C:\xampp7.4\htdocs\modelosWEB\php-CodeIgniter-JoaoRibeiro\proj-todolist\system\CodeIgniter.php(412): CodeIgniter\CodeIgniter->runController(Object(App\Controllers\Main))
#6 C:\xampp7.4\htdocs\modelosWEB\php-CodeIgniter-JoaoRibeiro\proj-todolist\system\CodeIgniter.php(320): CodeIgniter\CodeIgniter->handleRequest(NULL, Object(Config\Cache), false)
#7 C:\xampp7.4\htdocs\modelosWEB\php-CodeIgniter-JoaoRibeiro\proj-todolist\public\index.php(37): CodeIgniter\CodeIgniter->run()
#8 {main}
CRITICAL - 2022-03-02 14:26:39 --> Undefined property: stdClass::$datetime_fineshed
#0 C:\xampp7.4\htdocs\modelosWEB\php-CodeIgniter-JoaoRibeiro\proj-todolist\app\Views\home.php(34): CodeIgniter\Debug\Exceptions->errorHandler(8, 'Undefined prope...', 'C:\\xampp7.4\\htd...', 34, Array)
#1 C:\xampp7.4\htdocs\modelosWEB\php-CodeIgniter-JoaoRibeiro\proj-todolist\system\View\View.php(210): include('C:\\xampp7.4\\htd...')
#2 C:\xampp7.4\htdocs\modelosWEB\php-CodeIgniter-JoaoRibeiro\proj-todolist\system\View\View.php(213): CodeIgniter\View\View->CodeIgniter\View\{closure}()
#3 C:\xampp7.4\htdocs\modelosWEB\php-CodeIgniter-JoaoRibeiro\proj-todolist\system\Common.php(1089): CodeIgniter\View\View->render('home', Array, true)
#4 C:\xampp7.4\htdocs\modelosWEB\php-CodeIgniter-JoaoRibeiro\proj-todolist\app\Controllers\Main.php(15): view('home', Array)
#5 C:\xampp7.4\htdocs\modelosWEB\php-CodeIgniter-JoaoRibeiro\proj-todolist\system\CodeIgniter.php(825): App\Controllers\Main->index()
#6 C:\xampp7.4\htdocs\modelosWEB\php-CodeIgniter-JoaoRibeiro\proj-todolist\system\CodeIgniter.php(412): CodeIgniter\CodeIgniter->runController(Object(App\Controllers\Main))
#7 C:\xampp7.4\htdocs\modelosWEB\php-CodeIgniter-JoaoRibeiro\proj-todolist\system\CodeIgniter.php(320): CodeIgniter\CodeIgniter->handleRequest(NULL, Object(Config\Cache), false)
#8 C:\xampp7.4\htdocs\modelosWEB\php-CodeIgniter-JoaoRibeiro\proj-todolist\public\index.php(37): CodeIgniter\CodeIgniter->run()
#9 {main}
CRITICAL - 2022-03-02 18:11:44 --> Undefined variable: jobs
#0 C:\xampp7.4\htdocs\modelosWEB\php-CodeIgniter-JoaoRibeiro\proj-todolist\app\Views\new_job.php(16): CodeIgniter\Debug\Exceptions->errorHandler(8, 'Undefined varia...', 'C:\\xampp7.4\\htd...', 16, Array)
#1 C:\xampp7.4\htdocs\modelosWEB\php-CodeIgniter-JoaoRibeiro\proj-todolist\system\View\View.php(210): include('C:\\xampp7.4\\htd...')
#2 C:\xampp7.4\htdocs\modelosWEB\php-CodeIgniter-JoaoRibeiro\proj-todolist\system\View\View.php(213): CodeIgniter\View\View->CodeIgniter\View\{closure}()
#3 C:\xampp7.4\htdocs\modelosWEB\php-CodeIgniter-JoaoRibeiro\proj-todolist\system\Common.php(1089): CodeIgniter\View\View->render('new_job', Array, true)
#4 C:\xampp7.4\htdocs\modelosWEB\php-CodeIgniter-JoaoRibeiro\proj-todolist\app\Controllers\Main.php(21): view('new_job')
#5 C:\xampp7.4\htdocs\modelosWEB\php-CodeIgniter-JoaoRibeiro\proj-todolist\system\CodeIgniter.php(825): App\Controllers\Main->newJob()
#6 C:\xampp7.4\htdocs\modelosWEB\php-CodeIgniter-JoaoRibeiro\proj-todolist\system\CodeIgniter.php(412): CodeIgniter\CodeIgniter->runController(Object(App\Controllers\Main))
#7 C:\xampp7.4\htdocs\modelosWEB\php-CodeIgniter-JoaoRibeiro\proj-todolist\system\CodeIgniter.php(320): CodeIgniter\CodeIgniter->handleRequest(NULL, Object(Config\Cache), false)
#8 C:\xampp7.4\htdocs\modelosWEB\php-CodeIgniter-JoaoRibeiro\proj-todolist\public\index.php(37): CodeIgniter\CodeIgniter->run()
#9 {main}
CRITICAL - 2022-03-02 18:12:32 --> syntax error, unexpected 'endif' (T_ENDIF), expecting end of file
#0 C:\xampp7.4\htdocs\modelosWEB\php-CodeIgniter-JoaoRibeiro\proj-todolist\system\View\View.php(213): CodeIgniter\View\View->CodeIgniter\View\{closure}()
#1 C:\xampp7.4\htdocs\modelosWEB\php-CodeIgniter-JoaoRibeiro\proj-todolist\system\Common.php(1089): CodeIgniter\View\View->render('new_job', Array, true)
#2 C:\xampp7.4\htdocs\modelosWEB\php-CodeIgniter-JoaoRibeiro\proj-todolist\app\Controllers\Main.php(21): view('new_job')
#3 C:\xampp7.4\htdocs\modelosWEB\php-CodeIgniter-JoaoRibeiro\proj-todolist\system\CodeIgniter.php(825): App\Controllers\Main->newJob()
#4 C:\xampp7.4\htdocs\modelosWEB\php-CodeIgniter-JoaoRibeiro\proj-todolist\system\CodeIgniter.php(412): CodeIgniter\CodeIgniter->runController(Object(App\Controllers\Main))
#5 C:\xampp7.4\htdocs\modelosWEB\php-CodeIgniter-JoaoRibeiro\proj-todolist\system\CodeIgniter.php(320): CodeIgniter\CodeIgniter->handleRequest(NULL, Object(Config\Cache), false)
#6 C:\xampp7.4\htdocs\modelosWEB\php-CodeIgniter-JoaoRibeiro\proj-todolist\public\index.php(37): CodeIgniter\CodeIgniter->run()
#7 {main}
ERROR - 2022-03-02 18:39:01 --> Unknown column 'datatime_created' in 'field list'
CRITICAL - 2022-03-02 18:39:01 --> Unknown column 'datatime_created' in 'field list'
#0 C:\xampp7.4\htdocs\modelosWEB\php-CodeIgniter-JoaoRibeiro\proj-todolist\system\Database\MySQLi\Connection.php(292): mysqli->query(' INSERT INTO jo...', 0)
#1 C:\xampp7.4\htdocs\modelosWEB\php-CodeIgniter-JoaoRibeiro\proj-todolist\system\Database\BaseConnection.php(670): CodeIgniter\Database\MySQLi\Connection->execute(' INSERT INTO jo...')
#2 C:\xampp7.4\htdocs\modelosWEB\php-CodeIgniter-JoaoRibeiro\proj-todolist\system\Database\BaseConnection.php(598): CodeIgniter\Database\BaseConnection->simpleQuery(' INSERT INTO jo...')
#3 C:\xampp7.4\htdocs\modelosWEB\php-CodeIgniter-JoaoRibeiro\proj-todolist\app\Controllers\Main.php(34): CodeIgniter\Database\BaseConnection->query(' INSERT INTO jo...', Array)
#4 C:\xampp7.4\htdocs\modelosWEB\php-CodeIgniter-JoaoRibeiro\proj-todolist\system\CodeIgniter.php(825): App\Controllers\Main->newJobSubmition()
#5 C:\xampp7.4\htdocs\modelosWEB\php-CodeIgniter-JoaoRibeiro\proj-todolist\system\CodeIgniter.php(412): CodeIgniter\CodeIgniter->runController(Object(App\Controllers\Main))
#6 C:\xampp7.4\htdocs\modelosWEB\php-CodeIgniter-JoaoRibeiro\proj-todolist\system\CodeIgniter.php(320): CodeIgniter\CodeIgniter->handleRequest(NULL, Object(Config\Cache), false)
#7 C:\xampp7.4\htdocs\modelosWEB\php-CodeIgniter-JoaoRibeiro\proj-todolist\public\index.php(37): CodeIgniter\CodeIgniter->run()
#8 {main}
ERROR - 2022-03-02 18:39:19 --> Unknown column 'datatime_created' in 'field list'
CRITICAL - 2022-03-02 18:39:19 --> Unknown column 'datatime_created' in 'field list'
#0 C:\xampp7.4\htdocs\modelosWEB\php-CodeIgniter-JoaoRibeiro\proj-todolist\system\Database\MySQLi\Connection.php(292): mysqli->query(' INSERT INTO jo...', 0)
#1 C:\xampp7.4\htdocs\modelosWEB\php-CodeIgniter-JoaoRibeiro\proj-todolist\system\Database\BaseConnection.php(670): CodeIgniter\Database\MySQLi\Connection->execute(' INSERT INTO jo...')
#2 C:\xampp7.4\htdocs\modelosWEB\php-CodeIgniter-JoaoRibeiro\proj-todolist\system\Database\BaseConnection.php(598): CodeIgniter\Database\BaseConnection->simpleQuery(' INSERT INTO jo...')
#3 C:\xampp7.4\htdocs\modelosWEB\php-CodeIgniter-JoaoRibeiro\proj-todolist\app\Controllers\Main.php(34): CodeIgniter\Database\BaseConnection->query(' INSERT INTO jo...', Array)
#4 C:\xampp7.4\htdocs\modelosWEB\php-CodeIgniter-JoaoRibeiro\proj-todolist\system\CodeIgniter.php(825): App\Controllers\Main->newJobSubmition()
#5 C:\xampp7.4\htdocs\modelosWEB\php-CodeIgniter-JoaoRibeiro\proj-todolist\system\CodeIgniter.php(412): CodeIgniter\CodeIgniter->runController(Object(App\Controllers\Main))
#6 C:\xampp7.4\htdocs\modelosWEB\php-CodeIgniter-JoaoRibeiro\proj-todolist\system\CodeIgniter.php(320): CodeIgniter\CodeIgniter->handleRequest(NULL, Object(Config\Cache), false)
#7 C:\xampp7.4\htdocs\modelosWEB\php-CodeIgniter-JoaoRibeiro\proj-todolist\public\index.php(37): CodeIgniter\CodeIgniter->run()
#8 {main}
