CRITICAL - 2022-05-17 14:31:22 --> syntax error, unexpected ')'
#0 C:\xampp7.4\htdocs\modelosWEB\php-CodeIgniter-JoaoRibeiro\proj-todolist\system\View\View.php(213): CodeIgniter\View\View->CodeIgniter\View\{closure}()
#1 C:\xampp7.4\htdocs\modelosWEB\php-CodeIgniter-JoaoRibeiro\proj-todolist\system\Common.php(1089): CodeIgniter\View\View->render('home', Array, true)
#2 C:\xampp7.4\htdocs\modelosWEB\php-CodeIgniter-JoaoRibeiro\proj-todolist\app\Controllers\Main.php(15): view('home', Array)
#3 C:\xampp7.4\htdocs\modelosWEB\php-CodeIgniter-JoaoRibeiro\proj-todolist\system\CodeIgniter.php(825): App\Controllers\Main->index()
#4 C:\xampp7.4\htdocs\modelosWEB\php-CodeIgniter-JoaoRibeiro\proj-todolist\system\CodeIgniter.php(412): CodeIgniter\CodeIgniter->runController(Object(App\Controllers\Main))
#5 C:\xampp7.4\htdocs\modelosWEB\php-CodeIgniter-JoaoRibeiro\proj-todolist\system\CodeIgniter.php(320): CodeIgniter\CodeIgniter->handleRequest(NULL, Object(Config\Cache), false)
#6 C:\xampp7.4\htdocs\modelosWEB\php-CodeIgniter-JoaoRibeiro\proj-todolist\public\index.php(37): CodeIgniter\CodeIgniter->run()
#7 {main}
CRITICAL - 2022-05-17 14:31:32 --> syntax error, unexpected ')'
#0 C:\xampp7.4\htdocs\modelosWEB\php-CodeIgniter-JoaoRibeiro\proj-todolist\system\View\View.php(213): CodeIgniter\View\View->CodeIgniter\View\{closure}()
#1 C:\xampp7.4\htdocs\modelosWEB\php-CodeIgniter-JoaoRibeiro\proj-todolist\system\Common.php(1089): CodeIgniter\View\View->render('home', Array, true)
#2 C:\xampp7.4\htdocs\modelosWEB\php-CodeIgniter-JoaoRibeiro\proj-todolist\app\Controllers\Main.php(15): view('home', Array)
#3 C:\xampp7.4\htdocs\modelosWEB\php-CodeIgniter-JoaoRibeiro\proj-todolist\system\CodeIgniter.php(825): App\Controllers\Main->index()
#4 C:\xampp7.4\htdocs\modelosWEB\php-CodeIgniter-JoaoRibeiro\proj-todolist\system\CodeIgniter.php(412): CodeIgniter\CodeIgniter->runController(Object(App\Controllers\Main))
#5 C:\xampp7.4\htdocs\modelosWEB\php-CodeIgniter-JoaoRibeiro\proj-todolist\system\CodeIgniter.php(320): CodeIgniter\CodeIgniter->handleRequest(NULL, Object(Config\Cache), false)
#6 C:\xampp7.4\htdocs\modelosWEB\php-CodeIgniter-JoaoRibeiro\proj-todolist\public\index.php(37): CodeIgniter\CodeIgniter->run()
#7 {main}
CRITICAL - 2022-05-17 19:56:33 --> Call to undefined function App\Controllers\getResultObject()
#0 C:\xampp7.4\htdocs\modelosWEB\php-CodeIgniter-JoaoRibeiro\proj-todolist\system\CodeIgniter.php(825): App\Controllers\Main->editJob('2')
#1 C:\xampp7.4\htdocs\modelosWEB\php-CodeIgniter-JoaoRibeiro\proj-todolist\system\CodeIgniter.php(412): CodeIgniter\CodeIgniter->runController(Object(App\Controllers\Main))
#2 C:\xampp7.4\htdocs\modelosWEB\php-CodeIgniter-JoaoRibeiro\proj-todolist\system\CodeIgniter.php(320): CodeIgniter\CodeIgniter->handleRequest(NULL, Object(Config\Cache), false)
#3 C:\xampp7.4\htdocs\modelosWEB\php-CodeIgniter-JoaoRibeiro\proj-todolist\public\index.php(37): CodeIgniter\CodeIgniter->run()
#4 {main}
CRITICAL - 2022-05-17 20:29:37 --> Undefined offset: 0
#0 C:\xampp7.4\htdocs\modelosWEB\php-CodeIgniter-JoaoRibeiro\proj-todolist\app\Controllers\Main.php(113): CodeIgniter\Debug\Exceptions->errorHandler(8, 'Undefined offse...', 'C:\\xampp7.4\\htd...', 113, Array)
#1 C:\xampp7.4\htdocs\modelosWEB\php-CodeIgniter-JoaoRibeiro\proj-todolist\system\CodeIgniter.php(825): App\Controllers\Main->deleteJob('3')
#2 C:\xampp7.4\htdocs\modelosWEB\php-CodeIgniter-JoaoRibeiro\proj-todolist\system\CodeIgniter.php(412): CodeIgniter\CodeIgniter->runController(Object(App\Controllers\Main))
#3 C:\xampp7.4\htdocs\modelosWEB\php-CodeIgniter-JoaoRibeiro\proj-todolist\system\CodeIgniter.php(320): CodeIgniter\CodeIgniter->handleRequest(NULL, Object(Config\Cache), false)
#4 C:\xampp7.4\htdocs\modelosWEB\php-CodeIgniter-JoaoRibeiro\proj-todolist\public\index.php(37): CodeIgniter\CodeIgniter->run()
#5 {main}
